<?xml version="1.0" encoding="UTF-8"?>
<testng-results ignored="0" total="1" passed="1" failed="0" skipped="0">
  <reporter-output>
    <line>
      <![CDATA[maven demo project------]]>
    </line>
  </reporter-output>
  <suite started-at="2022-11-01T15:36:37 IST" name="Suite" finished-at="2022-11-01T15:36:41 IST" duration-ms="3600">
    <groups>
    </groups>
    <test started-at="2022-11-01T15:36:37 IST" name="Test" finished-at="2022-11-01T15:36:41 IST" duration-ms="3600">
      <class name="MavenDemo.MavenDemo.AppTest">
        <test-method is-config="true" signature="launchUrl()[pri:0, instance:MavenDemo.MavenDemo.AppTest@738dc9b]" started-at="2022-11-01T15:36:32 IST" name="launchUrl" finished-at="2022-11-01T15:36:37 IST" duration-ms="4856" status="PASS">
          <reporter-output>
          </reporter-output>
        </test-method> <!-- launchUrl -->
        <test-method is-config="true" signature="createObject()[pri:0, instance:MavenDemo.MavenDemo.AppTest@738dc9b]" started-at="2022-11-01T15:36:37 IST" name="createObject" finished-at="2022-11-01T15:36:37 IST" duration-ms="53" status="PASS">
          <reporter-output>
          </reporter-output>
        </test-method> <!-- createObject -->
        <test-method signature="loginTestCase()[pri:0, instance:MavenDemo.MavenDemo.AppTest@738dc9b]" started-at="2022-11-01T15:36:37 IST" name="loginTestCase" finished-at="2022-11-01T15:36:41 IST" duration-ms="3465" status="PASS">
          <reporter-output>
            <line>
              <![CDATA[maven demo project------]]>
            </line>
          </reporter-output>
        </test-method> <!-- loginTestCase -->
      </class> <!-- MavenDemo.MavenDemo.AppTest -->
    </test> <!-- Test -->
  </suite> <!-- Suite -->
</testng-results>
